Determining if the pthread_create exist failed with the following output:
Change Dir: /home/sam/Desktop/wtg/3point-approach/mk1/p1/build/CMakeFiles/CMakeTmp

Run Build Command:"/usr/bin/make" "cmTC_a06eb/fast"
/usr/bin/make -f CMakeFiles/cmTC_a06eb.dir/build.make CMakeFiles/cmTC_a06eb.dir/build
make[1]: Entering directory '/home/sam/Desktop/wtg/3point-approach/mk1/p1/build/CMakeFiles/CMakeTmp'
Building C object CMakeFiles/cmTC_a06eb.dir/CheckSymbolExists.c.o
/usr/bin/cc    -o CMakeFiles/cmTC_a06eb.dir/CheckSymbolExists.c.o   -c /home/sam/Desktop/wtg/3point-approach/mk1/p1/build/CMakeFiles/CMakeTmp/CheckSymbolExists.c
Linking C executable cmTC_a06eb
/usr/bin/cmake -E cmake_link_script CMakeFiles/cmTC_a06eb.dir/link.txt --verbose=1
/usr/bin/cc      -rdynamic CMakeFiles/cmTC_a06eb.dir/CheckSymbolExists.c.o  -o cmTC_a06eb 
CMakeFiles/cmTC_a06eb.dir/CheckSymbolExists.c.o: In function `main':
CheckSymbolExists.c:(.text+0x1b): undefined reference to `pthread_create'
collect2: error: ld returned 1 exit status
CMakeFiles/cmTC_a06eb.dir/build.make:97: recipe for target 'cmTC_a06eb' failed
make[1]: *** [cmTC_a06eb] Error 1
make[1]: Leaving directory '/home/sam/Desktop/wtg/3point-approach/mk1/p1/build/CMakeFiles/CMakeTmp'
Makefile:126: recipe for target 'cmTC_a06eb/fast' failed
make: *** [cmTC_a06eb/fast] Error 2

File /home/sam/Desktop/wtg/3point-approach/mk1/p1/build/CMakeFiles/CMakeTmp/CheckSymbolExists.c:
/* */
#include <pthread.h>

int main(int argc, char** argv)
{
  (void)argv;
#ifndef pthread_create
  return ((int*)(&pthread_create))[argc];
#else
  (void)argc;
  return 0;
#endif
}

Determining if the function pthread_create exists in the pthreads failed with the following output:
Change Dir: /home/sam/Desktop/wtg/3point-approach/mk1/p1/build/CMakeFiles/CMakeTmp

Run Build Command:"/usr/bin/make" "cmTC_4bd21/fast"
/usr/bin/make -f CMakeFiles/cmTC_4bd21.dir/build.make CMakeFiles/cmTC_4bd21.dir/build
make[1]: Entering directory '/home/sam/Desktop/wtg/3point-approach/mk1/p1/build/CMakeFiles/CMakeTmp'
Building C object CMakeFiles/cmTC_4bd21.dir/CheckFunctionExists.c.o
/usr/bin/cc   -DCHECK_FUNCTION_EXISTS=pthread_create   -o CMakeFiles/cmTC_4bd21.dir/CheckFunctionExists.c.o   -c /usr/share/cmake-3.10/Modules/CheckFunctionExists.c
Linking C executable cmTC_4bd21
/usr/bin/cmake -E cmake_link_script CMakeFiles/cmTC_4bd21.dir/link.txt --verbose=1
/usr/bin/cc  -DCHECK_FUNCTION_EXISTS=pthread_create    -rdynamic CMakeFiles/cmTC_4bd21.dir/CheckFunctionExists.c.o  -o cmTC_4bd21 -lpthreads 
/usr/bin/ld: cannot find -lpthreads
collect2: error: ld returned 1 exit status
CMakeFiles/cmTC_4bd21.dir/build.make:97: recipe for target 'cmTC_4bd21' failed
make[1]: *** [cmTC_4bd21] Error 1
make[1]: Leaving directory '/home/sam/Desktop/wtg/3point-approach/mk1/p1/build/CMakeFiles/CMakeTmp'
Makefile:126: recipe for target 'cmTC_4bd21/fast' failed
make: *** [cmTC_4bd21/fast] Error 2


